<?xml version="1.0" encoding="UTF-8"?>
<!-- Generated by org.testng.reporters.JUnitReportReporter -->
<testsuite skipped="0" hostname="A4G079-PCUbuntu" name="com.test.qa.testcases.FlipkartTest" tests="4" failures="0" timestamp="11 Dec 2019 05:40:54 GMT" time="9.157" errors="0">
  <testcase name="loginPageTitleTest" time="0.219" classname="com.test.qa.testcases.FlipkartTest"/>
  <testcase name="enterSearchItem" time="0.515" classname="com.test.qa.testcases.FlipkartTest"/>
  <testcase name="applyFilters" time="5.032" classname="com.test.qa.testcases.FlipkartTest"/>
  <testcase name="displayResults" time="3.391" classname="com.test.qa.testcases.FlipkartTest"/>
</testsuite> <!-- com.test.qa.testcases.FlipkartTest -->
